<?xml version="1.0" encoding="UTF-8"?><testsuite errors="1" failures="0" name="StartbucksDemo.features.search.SignInStory" skipped="0" tests="1" time="33.78" timestamp="2020-06-22 11:08:57"><testcase classname="StartbucksDemo.features.search.SignInStory" name="Input email blank value"><error message="An element could not be located on the page using the given search parameters.&#10;For documentation on this error, please visit: https://www.seleniumhq.org/exceptions/no_such_element.html&#10;Build info: version: '3.141.59', revision: 'e82be7d358', time: '2018-11-14T08:17:03'&#10;System info: host: 'DESKTOP-TGIU5J9', ip: '192.168.105.2', os.name: 'Windows 10', os.arch: 'amd64', os.version: '10.0', java.version: '1.8.0_211'&#10;Driver info: io.appium.java_client.android.AndroidDriver&#10;Capabilities {app: E:\AutoTest\Appium\Day1\APK..., appPackage: com.starbucks.vn, automationName: uiautomator2, databaseEnabled: false, desired: {app: E:\AutoTest\Appium\Day1\APK..., automationName: uiautomator2, deviceName: 192.168.105.103:5555, hub: http://localhost:4723/wd/hub, loggingPrefs: {}, newCommandTimeout: 3000, platformName: android, platformVersion: 8.1}, deviceApiLevel: 27, deviceManufacturer: unknown, deviceModel: Samsung Galaxy S8, deviceName: 192.168.105.103:5555, deviceScreenDensity: 480, deviceScreenSize: 1440x2960, deviceUDID: 192.168.105.103:5555, hub: http://localhost:4723/wd/hub, javascriptEnabled: true, locationContextEnabled: false, loggingPrefs: org.openqa.selenium.logging..., networkConnectionEnabled: true, newCommandTimeout: 3000, pixelRatio: 3, platform: LINUX, platformName: Android, platformVersion: 8.1.0, statBarHeight: 72, takesScreenshot: true, viewportRect: {height: 2744, left: 0, top: 72, width: 1440}, warnings: {}, webStorageEnabled: false}&#10;Session ID: 9ed038f5-a200-4d44-9d70-acc8950e2ca8&#10;*** Element info: {Using=xpath, value=//*[@text=&quot;Please input Email&quot;]}" type="org.openqa.selenium.NoSuchElementException">An element could not be located on the page using the given search parameters.
For documentation on this error, please visit: https://www.seleniumhq.org/exceptions/no_such_element.html
Build info: version: '3.141.59', revision: 'e82be7d358', time: '2018-11-14T08:17:03'
System info: host: 'DESKTOP-TGIU5J9', ip: '192.168.105.2', os.name: 'Windows 10', os.arch: 'amd64', os.version: '10.0', java.version: '1.8.0_211'
Driver info: io.appium.java_client.android.AndroidDriver
Capabilities {app: E:\AutoTest\Appium\Day1\APK..., appPackage: com.starbucks.vn, automationName: uiautomator2, databaseEnabled: false, desired: {app: E:\AutoTest\Appium\Day1\APK..., automationName: uiautomator2, deviceName: 192.168.105.103:5555, hub: http://localhost:4723/wd/hub, loggingPrefs: {}, newCommandTimeout: 3000, platformName: android, platformVersion: 8.1}, deviceApiLevel: 27, deviceManufacturer: unknown, deviceModel: Samsung Galaxy S8, deviceName: 192.168.105.103:5555, deviceScreenDensity: 480, deviceScreenSize: 1440x2960, deviceUDID: 192.168.105.103:5555, hub: http://localhost:4723/wd/hub, javascriptEnabled: true, locationContextEnabled: false, loggingPrefs: org.openqa.selenium.logging..., networkConnectionEnabled: true, newCommandTimeout: 3000, pixelRatio: 3, platform: LINUX, platformName: Android, platformVersion: 8.1.0, statBarHeight: 72, takesScreenshot: true, viewportRect: {height: 2744, left: 0, top: 72, width: 1440}, warnings: {}, webStorageEnabled: false}
Session ID: 9ed038f5-a200-4d44-9d70-acc8950e2ca8
*** Element info: {Using=xpath, value=//*[@text="Please input Email"]}</error><system-err>An element could not be located on the page using the given search parameters.
For documentation on this error, please visit: https://www.seleniumhq.org/exceptions/no_such_element.html
Build info: version: '3.141.59', revision: 'e82be7d358', time: '2018-11-14T08:17:03'
System info: host: 'DESKTOP-TGIU5J9', ip: '192.168.105.2', os.name: 'Windows 10', os.arch: 'amd64', os.version: '10.0', java.version: '1.8.0_211'
Driver info: io.appium.java_client.android.AndroidDriver
Capabilities {app: E:\AutoTest\Appium\Day1\APK..., appPackage: com.starbucks.vn, automationName: uiautomator2, databaseEnabled: false, desired: {app: E:\AutoTest\Appium\Day1\APK..., automationName: uiautomator2, deviceName: 192.168.105.103:5555, hub: http://localhost:4723/wd/hub, loggingPrefs: {}, newCommandTimeout: 3000, platformName: android, platformVersion: 8.1}, deviceApiLevel: 27, deviceManufacturer: unknown, deviceModel: Samsung Galaxy S8, deviceName: 192.168.105.103:5555, deviceScreenDensity: 480, deviceScreenSize: 1440x2960, deviceUDID: 192.168.105.103:5555, hub: http://localhost:4723/wd/hub, javascriptEnabled: true, locationContextEnabled: false, loggingPrefs: org.openqa.selenium.logging..., networkConnectionEnabled: true, newCommandTimeout: 3000, pixelRatio: 3, platform: LINUX, platformName: Android, platformVersion: 8.1.0, statBarHeight: 72, takesScreenshot: true, viewportRect: {height: 2744, left: 0, top: 72, width: 1440}, warnings: {}, webStorageEnabled: false}
Session ID: 9ed038f5-a200-4d44-9d70-acc8950e2ca8
*** Element info: {Using=xpath, value=//*[@text="Please input Email"]}&#13;
io.appium.java_client.remote.AppiumCommandExecutor.execute(AppiumCommandExecutor.java:239)&#13;
io.appium.java_client.DefaultGenericMobileDriver.execute(DefaultGenericMobileDriver.java:41)&#13;
io.appium.java_client.AppiumDriver.execute(AppiumDriver.java:1)&#13;
io.appium.java_client.android.AndroidDriver.execute(AndroidDriver.java:1)&#13;
io.appium.java_client.DefaultGenericMobileDriver.findElement(DefaultGenericMobileDriver.java:61)&#13;
io.appium.java_client.AppiumDriver.findElement(AppiumDriver.java:1)&#13;
io.appium.java_client.android.AndroidDriver.findElement(AndroidDriver.java:1)&#13;
io.appium.java_client.DefaultGenericMobileDriver.findElementByXPath(DefaultGenericMobileDriver.java:151)&#13;
io.appium.java_client.AppiumDriver.findElementByXPath(AppiumDriver.java:1)&#13;
io.appium.java_client.android.AndroidDriver.findElementByXPath(AndroidDriver.java:1)&#13;
io.appium.java_client.DefaultGenericMobileDriver.findElement(DefaultGenericMobileDriver.java:57)&#13;
io.appium.java_client.AppiumDriver.findElement(AppiumDriver.java:1)&#13;
io.appium.java_client.android.AndroidDriver.findElement(AndroidDriver.java:1)&#13;
StartbucksDemo.questions.SignInErrorEmail.answeredBy(SignInErrorEmail.java:11)&#13;
StartbucksDemo.questions.SignInErrorEmail.answeredBy(SignInErrorEmail.java:8)&#13;
StartbucksDemo.features.search.SignInStory.input_email_blank_value(SignInStory.java:35)&#13;
</system-err></testcase></testsuite>